<?xml version="1.0" encoding="UTF-8"?>
<!-- Generated by org.testng.reporters.JUnitXMLReporter -->
<testsuite ignored="0" hostname="DESKTOP-QUPSM2V" failures="1" tests="1" name="SignIn DDT" time="0.636" errors="0" timestamp="2025-09-02T13:32:22 IST">
  <testcase classname="com.demo.tests.SignInDDTTest" name="signIn_withExcelData" time="0.0">
    <failure type="java.lang.RuntimeException" message="java.lang.RuntimeException: Failed to read Excel: src/test/resources/data/LoginData.xlsx">
      <![CDATA[java.lang.RuntimeException: java.lang.RuntimeException: Failed to read Excel: src/test/resources/data/LoginData.xlsx
at java.base/java.util.ArrayList.forEach(ArrayList.java:1596)
Caused by: java.lang.RuntimeException: Failed to read Excel: src/test/resources/data/LoginData.xlsx
at com.demo.utils.ExcelUtil.readSheet(ExcelUtil.java:39)
at com.demo.tests.SignInDDTTest.loginData(SignInDDTTest.java:19)
... 25 more
Caused by: java.io.FileNotFoundException: src\test\resources\data\LoginData.xlsx (Access is denied)
at java.base/java.io.FileInputStream.open0(Native Method)
at java.base/java.io.FileInputStream.open(FileInputStream.java:213)
at java.base/java.io.FileInputStream.<init>(FileInputStream.java:152)
at java.base/java.io.FileInputStream.<init>(FileInputStream.java:106)
at com.demo.utils.ExcelUtil.readSheet(ExcelUtil.java:12)
... 31 more
... Removed 30 stack frames]]>
    </failure>
  </testcase> <!-- signIn_withExcelData -->
</testsuite> <!-- SignIn DDT -->
